StartTime:2017-08-16 10:28:43
EndTime:2017-08-16 10:29:05
RunTime:10
StartPageTitle:琉璃神社 ★ HACG | 最新的ACG资讯 分享同人动漫的快乐
Result:Time Over.
Num of urls visited:136
Num of magnet found:3420
Num of new magnet:0

StartTime:2017-08-16 10:30:00
EndTime:2017-08-16 10:30:12
RunTime:10
StartPageTitle:琉璃神社 ★ HACG | 最新的ACG资讯 分享同人动漫的快乐
Result:Time Over.
Num of urls visited:123
Num of magnet found:3420
Num of new magnet:0

StartTime:2017-08-16 10:46:04
EndTime:2017-08-16 11:34:40
RunTime:2895
StartPageTitle:琉璃神社 ★ HACG | 最新的ACG资讯 分享同人动漫的快乐
Result:Succefully
Num of urls visited:14855
Num of magnet found:3424
Num of new magnet:2
